<<<<<<< HEAD
ARM GAS  C:\Users\pc\AppData\Local\Temp\cc7RhBYu.s 			page 1
=======
ARM GAS  C:\Users\triet\AppData\Local\Temp\cc798EiK.s 			page 1
>>>>>>> 45d5a5918c0c82d06af1aa756b8ba5175a7b412e


   1              		.cpu cortex-m4
   2              		.arch armv7e-m
   3              		.fpu fpv4-sp-d16
   4              		.eabi_attribute 27, 1
   5              		.eabi_attribute 28, 1
   6              		.eabi_attribute 20, 1
   7              		.eabi_attribute 21, 1
   8              		.eabi_attribute 23, 3
   9              		.eabi_attribute 24, 1
  10              		.eabi_attribute 25, 1
  11              		.eabi_attribute 26, 1
  12              		.eabi_attribute 30, 1
  13              		.eabi_attribute 34, 1
  14              		.eabi_attribute 18, 4
  15              		.file	"mpu6050.c"
  16              		.text
  17              	.Ltext0:
  18              		.cfi_sections	.debug_frame
<<<<<<< HEAD
  19              		.file 1 "Core/Src/mpu6050.c"
  20              		.section	.text.MPU6050_Init,"ax",%progbits
  21              		.align	1
  22              		.global	MPU6050_Init
  23              		.syntax unified
  24              		.thumb
  25              		.thumb_func
  27              	MPU6050_Init:
  28              	.LFB130:
   1:Core/Src/mpu6050.c **** #include <mpu6050.h>
   2:Core/Src/mpu6050.c **** 
   3:Core/Src/mpu6050.c **** void MPU6050_Init()
   4:Core/Src/mpu6050.c **** {
  29              		.loc 1 4 1 view -0
  30              		.cfi_startproc
  31              		@ args = 0, pretend = 0, frame = 8
  32              		@ frame_needed = 0, uses_anonymous_args = 0
  33 0000 F0B5     		push	{r4, r5, r6, r7, lr}
  34              	.LCFI0:
  35              		.cfi_def_cfa_offset 20
  36              		.cfi_offset 4, -20
  37              		.cfi_offset 5, -16
  38              		.cfi_offset 6, -12
  39              		.cfi_offset 7, -8
  40              		.cfi_offset 14, -4
  41 0002 87B0     		sub	sp, sp, #28
  42              	.LCFI1:
  43              		.cfi_def_cfa_offset 48
   5:Core/Src/mpu6050.c ****     uint8_t check; 
  44              		.loc 1 5 5 view .LVU1
   6:Core/Src/mpu6050.c ****     uint8_t Data;
  45              		.loc 1 6 5 view .LVU2
   7:Core/Src/mpu6050.c **** 
   8:Core/Src/mpu6050.c ****     HAL_I2C_Mem_Read(&hi2c1, (MPU6050_Address), WHO_AM_I, 1, &check, 1,100);
  46              		.loc 1 8 5 view .LVU3
  47 0004 6423     		movs	r3, #100
  48 0006 0293     		str	r3, [sp, #8]
  49 0008 0123     		movs	r3, #1
  50 000a 0193     		str	r3, [sp, #4]
ARM GAS  C:\Users\pc\AppData\Local\Temp\cc7RhBYu.s 			page 2


  51 000c 0DF11702 		add	r2, sp, #23
  52 0010 0092     		str	r2, [sp]
  53 0012 7522     		movs	r2, #117
  54 0014 D021     		movs	r1, #208
  55 0016 1F48     		ldr	r0, .L5
  56 0018 FFF7FEFF 		bl	HAL_I2C_Mem_Read
  57              	.LVL0:
   9:Core/Src/mpu6050.c ****     if(check == 0x68)
  58              		.loc 1 9 5 view .LVU4
  59              		.loc 1 9 14 is_stmt 0 view .LVU5
  60 001c 9DF81730 		ldrb	r3, [sp, #23]	@ zero_extendqisi2
  61              		.loc 1 9 7 view .LVU6
  62 0020 682B     		cmp	r3, #104
  63 0022 01D0     		beq	.L4
  64              	.L1:
  10:Core/Src/mpu6050.c ****     {
  11:Core/Src/mpu6050.c ****         Data = 0;
  12:Core/Src/mpu6050.c ****         HAL_I2C_Mem_Write(&hi2c1, (MPU6050_Address), PWR_MGMT_1, 1, &Data, 1, 100);
  13:Core/Src/mpu6050.c **** 
  14:Core/Src/mpu6050.c ****         Data = 0x07;
  15:Core/Src/mpu6050.c ****         HAL_I2C_Mem_Write(&hi2c1, (MPU6050_Address), SMPRT_DIV, 1, &Data, 1, 100);
  16:Core/Src/mpu6050.c **** 
  17:Core/Src/mpu6050.c ****         Data = 0x10;
  18:Core/Src/mpu6050.c ****         HAL_I2C_Mem_Write(&hi2c1, (MPU6050_Address), ACCEL_CONFIG, 1,&Data, 1, 100);
  19:Core/Src/mpu6050.c **** 
  20:Core/Src/mpu6050.c ****         Data = 0x08;
  21:Core/Src/mpu6050.c ****         HAL_I2C_Mem_Write(&hi2c1, (MPU6050_Address), GYRO_CONFIG, 1,&Data, 1, 100);
  22:Core/Src/mpu6050.c ****     }
  23:Core/Src/mpu6050.c **** }
  65              		.loc 1 23 1 view .LVU7
  66 0024 07B0     		add	sp, sp, #28
  67              	.LCFI2:
  68              		.cfi_remember_state
  69              		.cfi_def_cfa_offset 20
  70              		@ sp needed
  71 0026 F0BD     		pop	{r4, r5, r6, r7, pc}
  72              	.L4:
  73              	.LCFI3:
  74              		.cfi_restore_state
  11:Core/Src/mpu6050.c ****         HAL_I2C_Mem_Write(&hi2c1, (MPU6050_Address), PWR_MGMT_1, 1, &Data, 1, 100);
  75              		.loc 1 11 9 is_stmt 1 view .LVU8
  11:Core/Src/mpu6050.c ****         HAL_I2C_Mem_Write(&hi2c1, (MPU6050_Address), PWR_MGMT_1, 1, &Data, 1, 100);
  76              		.loc 1 11 14 is_stmt 0 view .LVU9
  77 0028 0023     		movs	r3, #0
  78 002a 8DF81630 		strb	r3, [sp, #22]
  12:Core/Src/mpu6050.c **** 
  79              		.loc 1 12 9 is_stmt 1 view .LVU10
  80 002e 194D     		ldr	r5, .L5
  81 0030 6427     		movs	r7, #100
  82 0032 0297     		str	r7, [sp, #8]
  83 0034 0124     		movs	r4, #1
  84 0036 0194     		str	r4, [sp, #4]
  85 0038 0DF11606 		add	r6, sp, #22
  86 003c 0096     		str	r6, [sp]
  87 003e 2346     		mov	r3, r4
  88 0040 6B22     		movs	r2, #107
  89 0042 D021     		movs	r1, #208
ARM GAS  C:\Users\pc\AppData\Local\Temp\cc7RhBYu.s 			page 3


  90 0044 2846     		mov	r0, r5
  91 0046 FFF7FEFF 		bl	HAL_I2C_Mem_Write
  92              	.LVL1:
  14:Core/Src/mpu6050.c ****         HAL_I2C_Mem_Write(&hi2c1, (MPU6050_Address), SMPRT_DIV, 1, &Data, 1, 100);
  93              		.loc 1 14 9 view .LVU11
  14:Core/Src/mpu6050.c ****         HAL_I2C_Mem_Write(&hi2c1, (MPU6050_Address), SMPRT_DIV, 1, &Data, 1, 100);
  94              		.loc 1 14 14 is_stmt 0 view .LVU12
  95 004a 0723     		movs	r3, #7
  96 004c 8DF81630 		strb	r3, [sp, #22]
  15:Core/Src/mpu6050.c **** 
  97              		.loc 1 15 9 is_stmt 1 view .LVU13
  98 0050 0297     		str	r7, [sp, #8]
  99 0052 0194     		str	r4, [sp, #4]
 100 0054 0096     		str	r6, [sp]
 101 0056 2346     		mov	r3, r4
 102 0058 1922     		movs	r2, #25
 103 005a D021     		movs	r1, #208
 104 005c 2846     		mov	r0, r5
 105 005e FFF7FEFF 		bl	HAL_I2C_Mem_Write
 106              	.LVL2:
  17:Core/Src/mpu6050.c ****         HAL_I2C_Mem_Write(&hi2c1, (MPU6050_Address), ACCEL_CONFIG, 1,&Data, 1, 100);
 107              		.loc 1 17 9 view .LVU14
  17:Core/Src/mpu6050.c ****         HAL_I2C_Mem_Write(&hi2c1, (MPU6050_Address), ACCEL_CONFIG, 1,&Data, 1, 100);
 108              		.loc 1 17 14 is_stmt 0 view .LVU15
 109 0062 1023     		movs	r3, #16
 110 0064 8DF81630 		strb	r3, [sp, #22]
  18:Core/Src/mpu6050.c **** 
 111              		.loc 1 18 9 is_stmt 1 view .LVU16
 112 0068 0297     		str	r7, [sp, #8]
 113 006a 0194     		str	r4, [sp, #4]
 114 006c 0096     		str	r6, [sp]
 115 006e 2346     		mov	r3, r4
 116 0070 1C22     		movs	r2, #28
 117 0072 D021     		movs	r1, #208
 118 0074 2846     		mov	r0, r5
 119 0076 FFF7FEFF 		bl	HAL_I2C_Mem_Write
 120              	.LVL3:
  20:Core/Src/mpu6050.c ****         HAL_I2C_Mem_Write(&hi2c1, (MPU6050_Address), GYRO_CONFIG, 1,&Data, 1, 100);
 121              		.loc 1 20 9 view .LVU17
  20:Core/Src/mpu6050.c ****         HAL_I2C_Mem_Write(&hi2c1, (MPU6050_Address), GYRO_CONFIG, 1,&Data, 1, 100);
 122              		.loc 1 20 14 is_stmt 0 view .LVU18
 123 007a 0823     		movs	r3, #8
 124 007c 8DF81630 		strb	r3, [sp, #22]
  21:Core/Src/mpu6050.c ****     }
 125              		.loc 1 21 9 is_stmt 1 view .LVU19
 126 0080 0297     		str	r7, [sp, #8]
 127 0082 0194     		str	r4, [sp, #4]
 128 0084 0096     		str	r6, [sp]
 129 0086 2346     		mov	r3, r4
 130 0088 1B22     		movs	r2, #27
 131 008a D021     		movs	r1, #208
 132 008c 2846     		mov	r0, r5
 133 008e FFF7FEFF 		bl	HAL_I2C_Mem_Write
 134              	.LVL4:
 135              		.loc 1 23 1 is_stmt 0 view .LVU20
 136 0092 C7E7     		b	.L1
 137              	.L6:
ARM GAS  C:\Users\pc\AppData\Local\Temp\cc7RhBYu.s 			page 4


 138              		.align	2
 139              	.L5:
 140 0094 00000000 		.word	hi2c1
 141              		.cfi_endproc
 142              	.LFE130:
 144              		.global	__aeabi_i2d
 145              		.global	__aeabi_dmul
 146              		.global	__aeabi_d2f
 147              		.section	.text.MPU6050_Read_Acc,"ax",%progbits
 148              		.align	1
 149              		.global	MPU6050_Read_Acc
 150              		.syntax unified
 151              		.thumb
 152              		.thumb_func
 154              	MPU6050_Read_Acc:
 155              	.LVL5:
 156              	.LFB131:
  24:Core/Src/mpu6050.c **** 
  25:Core/Src/mpu6050.c **** void MPU6050_Read_Acc(mpu6050_t *Data)
  26:Core/Src/mpu6050.c **** {
 157              		.loc 1 26 1 is_stmt 1 view -0
 158              		.cfi_startproc
 159              		@ args = 0, pretend = 0, frame = 8
 160              		@ frame_needed = 0, uses_anonymous_args = 0
 161              		.loc 1 26 1 is_stmt 0 view .LVU22
 162 0000 70B5     		push	{r4, r5, r6, lr}
 163              	.LCFI4:
 164              		.cfi_def_cfa_offset 16
 165              		.cfi_offset 4, -16
 166              		.cfi_offset 5, -12
 167              		.cfi_offset 6, -8
 168              		.cfi_offset 14, -4
 169 0002 86B0     		sub	sp, sp, #24
 170              	.LCFI5:
 171              		.cfi_def_cfa_offset 40
 172 0004 0446     		mov	r4, r0
  27:Core/Src/mpu6050.c ****     uint8_t Accel_Data[6];
 173              		.loc 1 27 5 is_stmt 1 view .LVU23
  28:Core/Src/mpu6050.c ****     HAL_I2C_Mem_Read(&hi2c1, (MPU6050_Address), ACCEL_XOUT, 1, &Accel_Data, 6, 100);
 174              		.loc 1 28 5 view .LVU24
 175 0006 6423     		movs	r3, #100
 176 0008 0293     		str	r3, [sp, #8]
 177 000a 0623     		movs	r3, #6
 178 000c 0193     		str	r3, [sp, #4]
 179 000e 04AB     		add	r3, sp, #16
 180 0010 0093     		str	r3, [sp]
 181 0012 0123     		movs	r3, #1
 182 0014 3B22     		movs	r2, #59
 183 0016 D021     		movs	r1, #208
 184 0018 1C48     		ldr	r0, .L9
 185              	.LVL6:
 186              		.loc 1 28 5 is_stmt 0 view .LVU25
 187 001a FFF7FEFF 		bl	HAL_I2C_Mem_Read
 188              	.LVL7:
  29:Core/Src/mpu6050.c ****     Data->Ax_RAW =(int16_t) (Accel_Data[0] <<8 | Accel_Data[1]);
 189              		.loc 1 29 5 is_stmt 1 view .LVU26
 190              		.loc 1 29 40 is_stmt 0 view .LVU27
ARM GAS  C:\Users\pc\AppData\Local\Temp\cc7RhBYu.s 			page 5


 191 001e 9DF81030 		ldrb	r3, [sp, #16]	@ zero_extendqisi2
 192              		.loc 1 29 60 view .LVU28
 193 0022 9DF81100 		ldrb	r0, [sp, #17]	@ zero_extendqisi2
 194              		.loc 1 29 19 view .LVU29
 195 0026 40EA0320 		orr	r0, r0, r3, lsl #8
 196 002a 00B2     		sxth	r0, r0
 197              		.loc 1 29 18 view .LVU30
 198 002c 6085     		strh	r0, [r4, #42]	@ movhi
  30:Core/Src/mpu6050.c ****     Data->Ay_RAW =(int16_t) (Accel_Data[2] <<8 | Accel_Data[3]);
 199              		.loc 1 30 5 is_stmt 1 view .LVU31
 200              		.loc 1 30 40 is_stmt 0 view .LVU32
 201 002e 9DF81230 		ldrb	r3, [sp, #18]	@ zero_extendqisi2
 202              		.loc 1 30 60 view .LVU33
 203 0032 9DF81360 		ldrb	r6, [sp, #19]	@ zero_extendqisi2
 204              		.loc 1 30 19 view .LVU34
 205 0036 46EA0326 		orr	r6, r6, r3, lsl #8
 206 003a 36B2     		sxth	r6, r6
 207              		.loc 1 30 18 view .LVU35
 208 003c A685     		strh	r6, [r4, #44]	@ movhi
  31:Core/Src/mpu6050.c ****     Data->Az_RAW =(int16_t) (Accel_Data[4] <<8 | Accel_Data[5]);
 209              		.loc 1 31 5 is_stmt 1 view .LVU36
 210              		.loc 1 31 40 is_stmt 0 view .LVU37
 211 003e 9DF81430 		ldrb	r3, [sp, #20]	@ zero_extendqisi2
 212              		.loc 1 31 60 view .LVU38
 213 0042 9DF81550 		ldrb	r5, [sp, #21]	@ zero_extendqisi2
 214              		.loc 1 31 19 view .LVU39
 215 0046 45EA0325 		orr	r5, r5, r3, lsl #8
 216 004a 2DB2     		sxth	r5, r5
 217              		.loc 1 31 18 view .LVU40
 218 004c E585     		strh	r5, [r4, #46]	@ movhi
  32:Core/Src/mpu6050.c ****  
  33:Core/Src/mpu6050.c ****     Data->Ax = Data->Ax_RAW/4096.0;
 219              		.loc 1 33 5 is_stmt 1 view .LVU41
 220              		.loc 1 33 28 is_stmt 0 view .LVU42
 221 004e FFF7FEFF 		bl	__aeabi_i2d
 222              	.LVL8:
 223 0052 0022     		movs	r2, #0
 224 0054 0E4B     		ldr	r3, .L9+4
 225 0056 FFF7FEFF 		bl	__aeabi_dmul
 226              	.LVL9:
 227 005a FFF7FEFF 		bl	__aeabi_d2f
 228              	.LVL10:
 229              		.loc 1 33 14 view .LVU43
 230 005e A061     		str	r0, [r4, #24]	@ float
  34:Core/Src/mpu6050.c ****     Data->Ay = Data->Ay_RAW/4096.0;
 231              		.loc 1 34 5 is_stmt 1 view .LVU44
 232              		.loc 1 34 28 is_stmt 0 view .LVU45
 233 0060 3046     		mov	r0, r6
 234 0062 FFF7FEFF 		bl	__aeabi_i2d
 235              	.LVL11:
 236 0066 0022     		movs	r2, #0
 237 0068 094B     		ldr	r3, .L9+4
 238 006a FFF7FEFF 		bl	__aeabi_dmul
 239              	.LVL12:
 240 006e FFF7FEFF 		bl	__aeabi_d2f
 241              	.LVL13:
 242              		.loc 1 34 14 view .LVU46
ARM GAS  C:\Users\pc\AppData\Local\Temp\cc7RhBYu.s 			page 6


 243 0072 E061     		str	r0, [r4, #28]	@ float
  35:Core/Src/mpu6050.c ****     Data->Az = Data->Az_RAW/4096.0;
 244              		.loc 1 35 5 is_stmt 1 view .LVU47
 245              		.loc 1 35 28 is_stmt 0 view .LVU48
 246 0074 2846     		mov	r0, r5
 247 0076 FFF7FEFF 		bl	__aeabi_i2d
 248              	.LVL14:
 249 007a 0022     		movs	r2, #0
 250 007c 044B     		ldr	r3, .L9+4
 251 007e FFF7FEFF 		bl	__aeabi_dmul
 252              	.LVL15:
 253 0082 FFF7FEFF 		bl	__aeabi_d2f
 254              	.LVL16:
 255              		.loc 1 35 14 view .LVU49
 256 0086 2062     		str	r0, [r4, #32]	@ float
  36:Core/Src/mpu6050.c **** }
 257              		.loc 1 36 1 view .LVU50
 258 0088 06B0     		add	sp, sp, #24
 259              	.LCFI6:
 260              		.cfi_def_cfa_offset 16
 261              		@ sp needed
 262 008a 70BD     		pop	{r4, r5, r6, pc}
 263              	.LVL17:
 264              	.L10:
 265              		.loc 1 36 1 view .LVU51
 266              		.align	2
 267              	.L9:
 268 008c 00000000 		.word	hi2c1
 269 0090 0000303F 		.word	1060110336
 270              		.cfi_endproc
 271              	.LFE131:
 273              		.global	__aeabi_ddiv
 274              		.section	.text.MPU6050_Read_Gyro,"ax",%progbits
 275              		.align	1
 276              		.global	MPU6050_Read_Gyro
 277              		.syntax unified
 278              		.thumb
 279              		.thumb_func
 281              	MPU6050_Read_Gyro:
 282              	.LVL18:
 283              	.LFB132:
  37:Core/Src/mpu6050.c **** 
  38:Core/Src/mpu6050.c **** void MPU6050_Read_Gyro(mpu6050_t *Data)
  39:Core/Src/mpu6050.c **** {
 284              		.loc 1 39 1 is_stmt 1 view -0
 285              		.cfi_startproc
 286              		@ args = 0, pretend = 0, frame = 8
 287              		@ frame_needed = 0, uses_anonymous_args = 0
 288              		.loc 1 39 1 is_stmt 0 view .LVU53
 289 0000 70B5     		push	{r4, r5, r6, lr}
 290              	.LCFI7:
 291              		.cfi_def_cfa_offset 16
 292              		.cfi_offset 4, -16
 293              		.cfi_offset 5, -12
 294              		.cfi_offset 6, -8
 295              		.cfi_offset 14, -4
 296 0002 86B0     		sub	sp, sp, #24
ARM GAS  C:\Users\pc\AppData\Local\Temp\cc7RhBYu.s 			page 7


 297              	.LCFI8:
 298              		.cfi_def_cfa_offset 40
 299 0004 0446     		mov	r4, r0
  40:Core/Src/mpu6050.c ****     uint8_t Gyro_Data[6];
 300              		.loc 1 40 5 is_stmt 1 view .LVU54
  41:Core/Src/mpu6050.c ****     HAL_I2C_Mem_Read(&hi2c1, (MPU6050_Address), ACCEL_XOUT, 1, &Gyro_Data, 6, 100);
 301              		.loc 1 41 5 view .LVU55
 302 0006 6423     		movs	r3, #100
 303 0008 0293     		str	r3, [sp, #8]
 304 000a 0623     		movs	r3, #6
 305 000c 0193     		str	r3, [sp, #4]
 306 000e 04AB     		add	r3, sp, #16
 307 0010 0093     		str	r3, [sp]
 308 0012 0123     		movs	r3, #1
 309 0014 3B22     		movs	r2, #59
 310 0016 D021     		movs	r1, #208
 311 0018 2148     		ldr	r0, .L13+8
 312              	.LVL19:
 313              		.loc 1 41 5 is_stmt 0 view .LVU56
 314 001a FFF7FEFF 		bl	HAL_I2C_Mem_Read
 315              	.LVL20:
  42:Core/Src/mpu6050.c ****     Data->Gx_RAW =(int16_t) (Gyro_Data[0] << 8 | Gyro_Data[1]);
 316              		.loc 1 42 5 is_stmt 1 view .LVU57
 317              		.loc 1 42 39 is_stmt 0 view .LVU58
 318 001e 9DF81030 		ldrb	r3, [sp, #16]	@ zero_extendqisi2
 319              		.loc 1 42 59 view .LVU59
 320 0022 9DF81100 		ldrb	r0, [sp, #17]	@ zero_extendqisi2
 321              		.loc 1 42 19 view .LVU60
 322 0026 40EA0320 		orr	r0, r0, r3, lsl #8
 323 002a 00B2     		sxth	r0, r0
 324              		.loc 1 42 18 view .LVU61
 325 002c A084     		strh	r0, [r4, #36]	@ movhi
  43:Core/Src/mpu6050.c ****     Data->Gy_RAW =(int16_t) (Gyro_Data[2] << 8 | Gyro_Data[3]);
 326              		.loc 1 43 5 is_stmt 1 view .LVU62
 327              		.loc 1 43 39 is_stmt 0 view .LVU63
 328 002e 9DF81230 		ldrb	r3, [sp, #18]	@ zero_extendqisi2
 329              		.loc 1 43 59 view .LVU64
 330 0032 9DF81360 		ldrb	r6, [sp, #19]	@ zero_extendqisi2
 331              		.loc 1 43 19 view .LVU65
 332 0036 46EA0326 		orr	r6, r6, r3, lsl #8
 333 003a 36B2     		sxth	r6, r6
 334              		.loc 1 43 18 view .LVU66
 335 003c E684     		strh	r6, [r4, #38]	@ movhi
  44:Core/Src/mpu6050.c ****     Data->Gz_RAW =(int16_t) (Gyro_Data[4] << 8 | Gyro_Data[5]);
 336              		.loc 1 44 5 is_stmt 1 view .LVU67
 337              		.loc 1 44 39 is_stmt 0 view .LVU68
 338 003e 9DF81430 		ldrb	r3, [sp, #20]	@ zero_extendqisi2
 339              		.loc 1 44 59 view .LVU69
 340 0042 9DF81550 		ldrb	r5, [sp, #21]	@ zero_extendqisi2
 341              		.loc 1 44 19 view .LVU70
 342 0046 45EA0325 		orr	r5, r5, r3, lsl #8
 343 004a 2DB2     		sxth	r5, r5
 344              		.loc 1 44 18 view .LVU71
 345 004c 2585     		strh	r5, [r4, #40]	@ movhi
  45:Core/Src/mpu6050.c **** 
  46:Core/Src/mpu6050.c ****     Data->Gx = Data->Gx_RAW/65.5;
 346              		.loc 1 46 5 is_stmt 1 view .LVU72
ARM GAS  C:\Users\pc\AppData\Local\Temp\cc7RhBYu.s 			page 8


 347              		.loc 1 46 28 is_stmt 0 view .LVU73
 348 004e FFF7FEFF 		bl	__aeabi_i2d
 349              	.LVL21:
 350 0052 11A3     		adr	r3, .L13
 351 0054 D3E90023 		ldrd	r2, [r3]
 352 0058 FFF7FEFF 		bl	__aeabi_ddiv
 353              	.LVL22:
 354 005c FFF7FEFF 		bl	__aeabi_d2f
 355              	.LVL23:
 356              		.loc 1 46 14 view .LVU74
 357 0060 E060     		str	r0, [r4, #12]	@ float
  47:Core/Src/mpu6050.c ****     Data->Gy = Data->Gy_RAW/65.5;
 358              		.loc 1 47 5 is_stmt 1 view .LVU75
 359              		.loc 1 47 28 is_stmt 0 view .LVU76
 360 0062 3046     		mov	r0, r6
 361 0064 FFF7FEFF 		bl	__aeabi_i2d
 362              	.LVL24:
 363 0068 0BA3     		adr	r3, .L13
 364 006a D3E90023 		ldrd	r2, [r3]
 365 006e FFF7FEFF 		bl	__aeabi_ddiv
 366              	.LVL25:
 367 0072 FFF7FEFF 		bl	__aeabi_d2f
 368              	.LVL26:
 369              		.loc 1 47 14 view .LVU77
 370 0076 2061     		str	r0, [r4, #16]	@ float
  48:Core/Src/mpu6050.c ****     Data->Gz = Data->Gz_RAW/65.5;
 371              		.loc 1 48 5 is_stmt 1 view .LVU78
 372              		.loc 1 48 28 is_stmt 0 view .LVU79
 373 0078 2846     		mov	r0, r5
 374 007a FFF7FEFF 		bl	__aeabi_i2d
 375              	.LVL27:
 376 007e 06A3     		adr	r3, .L13
 377 0080 D3E90023 		ldrd	r2, [r3]
 378 0084 FFF7FEFF 		bl	__aeabi_ddiv
 379              	.LVL28:
 380 0088 FFF7FEFF 		bl	__aeabi_d2f
 381              	.LVL29:
 382              		.loc 1 48 14 view .LVU80
 383 008c 6061     		str	r0, [r4, #20]	@ float
  49:Core/Src/mpu6050.c **** }...
 384              		.loc 1 49 1 view .LVU81
 385 008e 06B0     		add	sp, sp, #24
 386              	.LCFI9:
 387              		.cfi_def_cfa_offset 16
 388              		@ sp needed
 389 0090 70BD     		pop	{r4, r5, r6, pc}
 390              	.LVL30:
 391              	.L14:
 392              		.loc 1 49 1 view .LVU82
 393 0092 00BFAFF3 		.align	3
 393      0080
 394              	.L13:
 395 0098 00000000 		.word	0
 396 009c 00605040 		.word	1079009280
 397 00a0 00000000 		.word	hi2c1
 398              		.cfi_endproc
 399              	.LFE132:
ARM GAS  C:\Users\pc\AppData\Local\Temp\cc7RhBYu.s 			page 9


 401              		.text
 402              	.Letext0:
 403              		.file 2 "c:\\program files (x86)\\arm gnu toolchain arm-none-eabi\\12.2 mpacbti-rel1\\arm-none-eab
 404              		.file 3 "c:\\program files (x86)\\arm gnu toolchain arm-none-eabi\\12.2 mpacbti-rel1\\arm-none-eab
 405              		.file 4 "Drivers/CMSIS/Device/ST/STM32F4xx/Include/stm32f446xx.h"
 406              		.file 5 "Drivers/STM32F4xx_HAL_Driver/Inc/stm32f4xx_hal_def.h"
 407              		.file 6 "Drivers/STM32F4xx_HAL_Driver/Inc/stm32f4xx_hal_dma.h"
 408              		.file 7 "Drivers/STM32F4xx_HAL_Driver/Inc/stm32f4xx_hal_i2c.h"
 409              		.file 8 "Core/Inc/mpu6050.h"
ARM GAS  C:\Users\pc\AppData\Local\Temp\cc7RhBYu.s 			page 10
=======
  19              		.section	.text.MPU6050_Init,"ax",%progbits
  20              		.align	1
  21              		.global	MPU6050_Init
  22              		.syntax unified
  23              		.thumb
  24              		.thumb_func
  26              	MPU6050_Init:
  27              	.LFB130:
  28              		.file 1 "Core/Src/mpu6050.c"
   1:Core/Src/mpu6050.c **** #include <mpu6050.h>
   2:Core/Src/mpu6050.c **** 
   3:Core/Src/mpu6050.c **** extern I2C_HandleTypeDef hi2c1;
   4:Core/Src/mpu6050.c **** 
   5:Core/Src/mpu6050.c **** void MPU6050_Init()
   6:Core/Src/mpu6050.c **** {
  29              		.loc 1 6 1 view -0
  30              		.cfi_startproc
  31              		@ args = 0, pretend = 0, frame = 8
  32              		@ frame_needed = 0, uses_anonymous_args = 0
  33 0000 2DE9F041 		push	{r4, r5, r6, r7, r8, lr}
  34              	.LCFI0:
  35              		.cfi_def_cfa_offset 24
  36              		.cfi_offset 4, -24
  37              		.cfi_offset 5, -20
  38              		.cfi_offset 6, -16
  39              		.cfi_offset 7, -12
  40              		.cfi_offset 8, -8
  41              		.cfi_offset 14, -4
  42 0004 86B0     		sub	sp, sp, #24
  43              	.LCFI1:
  44              		.cfi_def_cfa_offset 48
   7:Core/Src/mpu6050.c ****     uint8_t check,Data; 
  45              		.loc 1 7 5 view .LVU1
   8:Core/Src/mpu6050.c **** 
   9:Core/Src/mpu6050.c ****     HAL_I2C_Mem_Read(&hi2c1, (MPU6050_Address<<1), WHO_AM_I, 1, &check, 1,1000);
  46              		.loc 1 9 5 view .LVU2
  47 0006 4FF47A73 		mov	r3, #1000
  48 000a 0293     		str	r3, [sp, #8]
  49 000c 0123     		movs	r3, #1
ARM GAS  C:\Users\triet\AppData\Local\Temp\cc798EiK.s 			page 2


  50 000e 0193     		str	r3, [sp, #4]
  51 0010 0DF11702 		add	r2, sp, #23
  52 0014 0092     		str	r2, [sp]
  53 0016 7522     		movs	r2, #117
  54 0018 D021     		movs	r1, #208
  55 001a 2048     		ldr	r0, .L5
  56 001c FFF7FEFF 		bl	HAL_I2C_Mem_Read
  57              	.LVL0:
  10:Core/Src/mpu6050.c ****     if(check == MPU6050_Address)
  58              		.loc 1 10 5 view .LVU3
  59              		.loc 1 10 14 is_stmt 0 view .LVU4
  60 0020 9DF81730 		ldrb	r3, [sp, #23]	@ zero_extendqisi2
  61              		.loc 1 10 7 view .LVU5
  62 0024 682B     		cmp	r3, #104
  63 0026 02D0     		beq	.L4
  64              	.L1:
  11:Core/Src/mpu6050.c ****     {
  12:Core/Src/mpu6050.c ****         Data = 0;
  13:Core/Src/mpu6050.c ****         HAL_I2C_Mem_Write(&hi2c1, (MPU6050_Address<<1), PWR_MGMT_1, 1, &Data, 1, 1000);
  14:Core/Src/mpu6050.c **** 
  15:Core/Src/mpu6050.c ****         Data = 0x07;
  16:Core/Src/mpu6050.c ****         HAL_I2C_Mem_Write(&hi2c1, (MPU6050_Address<<1), SMPRT_DIV, 1, &Data, 1, 1000);
  17:Core/Src/mpu6050.c **** 
  18:Core/Src/mpu6050.c ****         Data = 0x0;
  19:Core/Src/mpu6050.c ****         HAL_I2C_Mem_Write(&hi2c1, (MPU6050_Address<<1), ACCEL_CONFIG, 1,&Data, 1, 1000);
  20:Core/Src/mpu6050.c **** 
  21:Core/Src/mpu6050.c ****         Data = 0x0;
  22:Core/Src/mpu6050.c ****         HAL_I2C_Mem_Write(&hi2c1, (MPU6050_Address<<1), GYRO_CONFIG, 1,&Data, 1, 1000);
  23:Core/Src/mpu6050.c ****     }
  24:Core/Src/mpu6050.c **** }
  65              		.loc 1 24 1 view .LVU6
  66 0028 06B0     		add	sp, sp, #24
  67              	.LCFI2:
  68              		.cfi_remember_state
  69              		.cfi_def_cfa_offset 24
  70              		@ sp needed
  71 002a BDE8F081 		pop	{r4, r5, r6, r7, r8, pc}
  72              	.L4:
  73              	.LCFI3:
  74              		.cfi_restore_state
  12:Core/Src/mpu6050.c ****         HAL_I2C_Mem_Write(&hi2c1, (MPU6050_Address<<1), PWR_MGMT_1, 1, &Data, 1, 1000);
  75              		.loc 1 12 9 is_stmt 1 view .LVU7
  12:Core/Src/mpu6050.c ****         HAL_I2C_Mem_Write(&hi2c1, (MPU6050_Address<<1), PWR_MGMT_1, 1, &Data, 1, 1000);
  76              		.loc 1 12 14 is_stmt 0 view .LVU8
  77 002e 4FF00008 		mov	r8, #0
  78 0032 8DF81680 		strb	r8, [sp, #22]
  13:Core/Src/mpu6050.c **** 
  79              		.loc 1 13 9 is_stmt 1 view .LVU9
  80 0036 194D     		ldr	r5, .L5
  81 0038 4FF47A77 		mov	r7, #1000
  82 003c 0297     		str	r7, [sp, #8]
  83 003e 0124     		movs	r4, #1
  84 0040 0194     		str	r4, [sp, #4]
  85 0042 0DF11606 		add	r6, sp, #22
  86 0046 0096     		str	r6, [sp]
  87 0048 2346     		mov	r3, r4
  88 004a 6B22     		movs	r2, #107
ARM GAS  C:\Users\triet\AppData\Local\Temp\cc798EiK.s 			page 3


  89 004c D021     		movs	r1, #208
  90 004e 2846     		mov	r0, r5
  91 0050 FFF7FEFF 		bl	HAL_I2C_Mem_Write
  92              	.LVL1:
  15:Core/Src/mpu6050.c ****         HAL_I2C_Mem_Write(&hi2c1, (MPU6050_Address<<1), SMPRT_DIV, 1, &Data, 1, 1000);
  93              		.loc 1 15 9 view .LVU10
  15:Core/Src/mpu6050.c ****         HAL_I2C_Mem_Write(&hi2c1, (MPU6050_Address<<1), SMPRT_DIV, 1, &Data, 1, 1000);
  94              		.loc 1 15 14 is_stmt 0 view .LVU11
  95 0054 0723     		movs	r3, #7
  96 0056 8DF81630 		strb	r3, [sp, #22]
  16:Core/Src/mpu6050.c **** 
  97              		.loc 1 16 9 is_stmt 1 view .LVU12
  98 005a 0297     		str	r7, [sp, #8]
  99 005c 0194     		str	r4, [sp, #4]
 100 005e 0096     		str	r6, [sp]
 101 0060 2346     		mov	r3, r4
 102 0062 1922     		movs	r2, #25
 103 0064 D021     		movs	r1, #208
 104 0066 2846     		mov	r0, r5
 105 0068 FFF7FEFF 		bl	HAL_I2C_Mem_Write
 106              	.LVL2:
  18:Core/Src/mpu6050.c ****         HAL_I2C_Mem_Write(&hi2c1, (MPU6050_Address<<1), ACCEL_CONFIG, 1,&Data, 1, 1000);
 107              		.loc 1 18 9 view .LVU13
  18:Core/Src/mpu6050.c ****         HAL_I2C_Mem_Write(&hi2c1, (MPU6050_Address<<1), ACCEL_CONFIG, 1,&Data, 1, 1000);
 108              		.loc 1 18 14 is_stmt 0 view .LVU14
 109 006c 8DF81680 		strb	r8, [sp, #22]
  19:Core/Src/mpu6050.c **** 
 110              		.loc 1 19 9 is_stmt 1 view .LVU15
 111 0070 0297     		str	r7, [sp, #8]
 112 0072 0194     		str	r4, [sp, #4]
 113 0074 0096     		str	r6, [sp]
 114 0076 2346     		mov	r3, r4
 115 0078 1C22     		movs	r2, #28
 116 007a D021     		movs	r1, #208
 117 007c 2846     		mov	r0, r5
 118 007e FFF7FEFF 		bl	HAL_I2C_Mem_Write
 119              	.LVL3:
  21:Core/Src/mpu6050.c ****         HAL_I2C_Mem_Write(&hi2c1, (MPU6050_Address<<1), GYRO_CONFIG, 1,&Data, 1, 1000);
 120              		.loc 1 21 9 view .LVU16
  21:Core/Src/mpu6050.c ****         HAL_I2C_Mem_Write(&hi2c1, (MPU6050_Address<<1), GYRO_CONFIG, 1,&Data, 1, 1000);
 121              		.loc 1 21 14 is_stmt 0 view .LVU17
 122 0082 8DF81680 		strb	r8, [sp, #22]
  22:Core/Src/mpu6050.c ****     }
 123              		.loc 1 22 9 is_stmt 1 view .LVU18
 124 0086 0297     		str	r7, [sp, #8]
 125 0088 0194     		str	r4, [sp, #4]
 126 008a 0096     		str	r6, [sp]
 127 008c 2346     		mov	r3, r4
 128 008e 1B22     		movs	r2, #27
 129 0090 D021     		movs	r1, #208
 130 0092 2846     		mov	r0, r5
 131 0094 FFF7FEFF 		bl	HAL_I2C_Mem_Write
 132              	.LVL4:
 133              		.loc 1 24 1 is_stmt 0 view .LVU19
 134 0098 C6E7     		b	.L1
 135              	.L6:
 136 009a 00BF     		.align	2
ARM GAS  C:\Users\triet\AppData\Local\Temp\cc798EiK.s 			page 4


 137              	.L5:
 138 009c 00000000 		.word	hi2c1
 139              		.cfi_endproc
 140              	.LFE130:
 142              		.global	__aeabi_i2d
 143              		.global	__aeabi_dmul
 144              		.global	__aeabi_d2f
 145              		.section	.text.MPU6050_Read_Acc,"ax",%progbits
 146              		.align	1
 147              		.global	MPU6050_Read_Acc
 148              		.syntax unified
 149              		.thumb
 150              		.thumb_func
 152              	MPU6050_Read_Acc:
 153              	.LVL5:
 154              	.LFB131:
  25:Core/Src/mpu6050.c **** 
  26:Core/Src/mpu6050.c **** 
  27:Core/Src/mpu6050.c **** void MPU6050_Read_Acc(mpu6050_t *Data)
  28:Core/Src/mpu6050.c **** {
 155              		.loc 1 28 1 is_stmt 1 view -0
 156              		.cfi_startproc
 157              		@ args = 0, pretend = 0, frame = 8
 158              		@ frame_needed = 0, uses_anonymous_args = 0
 159              		.loc 1 28 1 is_stmt 0 view .LVU21
 160 0000 70B5     		push	{r4, r5, r6, lr}
 161              	.LCFI4:
 162              		.cfi_def_cfa_offset 16
 163              		.cfi_offset 4, -16
 164              		.cfi_offset 5, -12
 165              		.cfi_offset 6, -8
 166              		.cfi_offset 14, -4
 167 0002 86B0     		sub	sp, sp, #24
 168              	.LCFI5:
 169              		.cfi_def_cfa_offset 40
 170 0004 0446     		mov	r4, r0
  29:Core/Src/mpu6050.c ****     uint8_t Accel_Data[6];
 171              		.loc 1 29 5 is_stmt 1 view .LVU22
  30:Core/Src/mpu6050.c ****     HAL_I2C_Mem_Read(&hi2c1, (MPU6050_Address<<1), ACCEL_XOUT, 1, &Accel_Data, 6, 1000);
 172              		.loc 1 30 5 view .LVU23
 173 0006 4FF47A73 		mov	r3, #1000
 174 000a 0293     		str	r3, [sp, #8]
 175 000c 0623     		movs	r3, #6
 176 000e 0193     		str	r3, [sp, #4]
 177 0010 04AB     		add	r3, sp, #16
 178 0012 0093     		str	r3, [sp]
 179 0014 0123     		movs	r3, #1
 180 0016 3B22     		movs	r2, #59
 181 0018 D021     		movs	r1, #208
 182 001a 1D48     		ldr	r0, .L9
 183              	.LVL6:
 184              		.loc 1 30 5 is_stmt 0 view .LVU24
 185 001c FFF7FEFF 		bl	HAL_I2C_Mem_Read
 186              	.LVL7:
  31:Core/Src/mpu6050.c ****     Data->Ax_RAW =(int16_t) (Accel_Data[0] <<8 | Accel_Data[1]);
 187              		.loc 1 31 5 is_stmt 1 view .LVU25
 188              		.loc 1 31 40 is_stmt 0 view .LVU26
ARM GAS  C:\Users\triet\AppData\Local\Temp\cc798EiK.s 			page 5


 189 0020 9DF81030 		ldrb	r3, [sp, #16]	@ zero_extendqisi2
 190              		.loc 1 31 60 view .LVU27
 191 0024 9DF81100 		ldrb	r0, [sp, #17]	@ zero_extendqisi2
 192              		.loc 1 31 19 view .LVU28
 193 0028 40EA0320 		orr	r0, r0, r3, lsl #8
 194 002c 00B2     		sxth	r0, r0
 195              		.loc 1 31 18 view .LVU29
 196 002e E083     		strh	r0, [r4, #30]	@ movhi
  32:Core/Src/mpu6050.c ****     Data->Ay_RAW =(int16_t) (Accel_Data[2] <<8 | Accel_Data[3]);
 197              		.loc 1 32 5 is_stmt 1 view .LVU30
 198              		.loc 1 32 40 is_stmt 0 view .LVU31
 199 0030 9DF81230 		ldrb	r3, [sp, #18]	@ zero_extendqisi2
 200              		.loc 1 32 60 view .LVU32
 201 0034 9DF81360 		ldrb	r6, [sp, #19]	@ zero_extendqisi2
 202              		.loc 1 32 19 view .LVU33
 203 0038 46EA0326 		orr	r6, r6, r3, lsl #8
 204 003c 36B2     		sxth	r6, r6
 205              		.loc 1 32 18 view .LVU34
 206 003e 2684     		strh	r6, [r4, #32]	@ movhi
  33:Core/Src/mpu6050.c ****     Data->Az_RAW =(int16_t) (Accel_Data[4] <<8 | Accel_Data[5]);
 207              		.loc 1 33 5 is_stmt 1 view .LVU35
 208              		.loc 1 33 40 is_stmt 0 view .LVU36
 209 0040 9DF81430 		ldrb	r3, [sp, #20]	@ zero_extendqisi2
 210              		.loc 1 33 60 view .LVU37
 211 0044 9DF81550 		ldrb	r5, [sp, #21]	@ zero_extendqisi2
 212              		.loc 1 33 19 view .LVU38
 213 0048 45EA0325 		orr	r5, r5, r3, lsl #8
 214 004c 2DB2     		sxth	r5, r5
 215              		.loc 1 33 18 view .LVU39
 216 004e 6584     		strh	r5, [r4, #34]	@ movhi
  34:Core/Src/mpu6050.c ****  
  35:Core/Src/mpu6050.c ****     Data->Ax = Data->Ax_RAW/4096.0;
 217              		.loc 1 35 5 is_stmt 1 view .LVU40
 218              		.loc 1 35 28 is_stmt 0 view .LVU41
 219 0050 FFF7FEFF 		bl	__aeabi_i2d
 220              	.LVL8:
 221 0054 0022     		movs	r2, #0
 222 0056 0F4B     		ldr	r3, .L9+4
 223 0058 FFF7FEFF 		bl	__aeabi_dmul
 224              	.LVL9:
 225 005c FFF7FEFF 		bl	__aeabi_d2f
 226              	.LVL10:
 227              		.loc 1 35 14 view .LVU42
 228 0060 E060     		str	r0, [r4, #12]	@ float
  36:Core/Src/mpu6050.c ****     Data->Ay = Data->Ay_RAW/4096.0;
 229              		.loc 1 36 5 is_stmt 1 view .LVU43
 230              		.loc 1 36 28 is_stmt 0 view .LVU44
 231 0062 3046     		mov	r0, r6
 232 0064 FFF7FEFF 		bl	__aeabi_i2d
 233              	.LVL11:
 234 0068 0022     		movs	r2, #0
 235 006a 0A4B     		ldr	r3, .L9+4
 236 006c FFF7FEFF 		bl	__aeabi_dmul
 237              	.LVL12:
 238 0070 FFF7FEFF 		bl	__aeabi_d2f
 239              	.LVL13:
 240              		.loc 1 36 14 view .LVU45
ARM GAS  C:\Users\triet\AppData\Local\Temp\cc798EiK.s 			page 6


 241 0074 2061     		str	r0, [r4, #16]	@ float
  37:Core/Src/mpu6050.c ****     Data->Az = Data->Az_RAW/4096.0;
 242              		.loc 1 37 5 is_stmt 1 view .LVU46
 243              		.loc 1 37 28 is_stmt 0 view .LVU47
 244 0076 2846     		mov	r0, r5
 245 0078 FFF7FEFF 		bl	__aeabi_i2d
 246              	.LVL14:
 247 007c 0022     		movs	r2, #0
 248 007e 054B     		ldr	r3, .L9+4
 249 0080 FFF7FEFF 		bl	__aeabi_dmul
 250              	.LVL15:
 251 0084 FFF7FEFF 		bl	__aeabi_d2f
 252              	.LVL16:
 253              		.loc 1 37 14 view .LVU48
 254 0088 6061     		str	r0, [r4, #20]	@ float
  38:Core/Src/mpu6050.c **** }
 255              		.loc 1 38 1 view .LVU49
 256 008a 06B0     		add	sp, sp, #24
 257              	.LCFI6:
 258              		.cfi_def_cfa_offset 16
 259              		@ sp needed
 260 008c 70BD     		pop	{r4, r5, r6, pc}
 261              	.LVL17:
 262              	.L10:
 263              		.loc 1 38 1 view .LVU50
 264 008e 00BF     		.align	2
 265              	.L9:
 266 0090 00000000 		.word	hi2c1
 267 0094 0000303F 		.word	1060110336
 268              		.cfi_endproc
 269              	.LFE131:
 271              		.global	__aeabi_ddiv
 272              		.section	.text.MPU6050_Read_Gyro,"ax",%progbits
 273              		.align	1
 274              		.global	MPU6050_Read_Gyro
 275              		.syntax unified
 276              		.thumb
 277              		.thumb_func
 279              	MPU6050_Read_Gyro:
 280              	.LVL18:
 281              	.LFB132:
  39:Core/Src/mpu6050.c **** 
  40:Core/Src/mpu6050.c **** 
  41:Core/Src/mpu6050.c **** void MPU6050_Read_Gyro(mpu6050_t *Data)
  42:Core/Src/mpu6050.c **** {
 282              		.loc 1 42 1 is_stmt 1 view -0
 283              		.cfi_startproc
 284              		@ args = 0, pretend = 0, frame = 8
 285              		@ frame_needed = 0, uses_anonymous_args = 0
 286              		.loc 1 42 1 is_stmt 0 view .LVU52
 287 0000 70B5     		push	{r4, r5, r6, lr}
 288              	.LCFI7:
 289              		.cfi_def_cfa_offset 16
 290              		.cfi_offset 4, -16
 291              		.cfi_offset 5, -12
 292              		.cfi_offset 6, -8
 293              		.cfi_offset 14, -4
ARM GAS  C:\Users\triet\AppData\Local\Temp\cc798EiK.s 			page 7


 294 0002 86B0     		sub	sp, sp, #24
 295              	.LCFI8:
 296              		.cfi_def_cfa_offset 40
 297 0004 0446     		mov	r4, r0
  43:Core/Src/mpu6050.c ****     uint8_t Gyro_Data[6];
 298              		.loc 1 43 5 is_stmt 1 view .LVU53
  44:Core/Src/mpu6050.c ****     HAL_I2C_Mem_Read(&hi2c1, (MPU6050_Address<<1), ACCEL_XOUT, 1, &Gyro_Data, 6, 1000);
 299              		.loc 1 44 5 view .LVU54
 300 0006 4FF47A73 		mov	r3, #1000
 301 000a 0293     		str	r3, [sp, #8]
 302 000c 0623     		movs	r3, #6
 303 000e 0193     		str	r3, [sp, #4]
 304 0010 04AB     		add	r3, sp, #16
 305 0012 0093     		str	r3, [sp]
 306 0014 0123     		movs	r3, #1
 307 0016 3B22     		movs	r2, #59
 308 0018 D021     		movs	r1, #208
 309 001a 2148     		ldr	r0, .L13+8
 310              	.LVL19:
 311              		.loc 1 44 5 is_stmt 0 view .LVU55
 312 001c FFF7FEFF 		bl	HAL_I2C_Mem_Read
 313              	.LVL20:
  45:Core/Src/mpu6050.c ****     Data->Gx_RAW =(int16_t) (Gyro_Data[0] << 8 | Gyro_Data[1]);
 314              		.loc 1 45 5 is_stmt 1 view .LVU56
 315              		.loc 1 45 39 is_stmt 0 view .LVU57
 316 0020 9DF81030 		ldrb	r3, [sp, #16]	@ zero_extendqisi2
 317              		.loc 1 45 59 view .LVU58
 318 0024 9DF81100 		ldrb	r0, [sp, #17]	@ zero_extendqisi2
 319              		.loc 1 45 19 view .LVU59
 320 0028 40EA0320 		orr	r0, r0, r3, lsl #8
 321 002c 00B2     		sxth	r0, r0
 322              		.loc 1 45 18 view .LVU60
 323 002e 2083     		strh	r0, [r4, #24]	@ movhi
  46:Core/Src/mpu6050.c ****     Data->Gy_RAW =(int16_t) (Gyro_Data[2] << 8 | Gyro_Data[3]);
 324              		.loc 1 46 5 is_stmt 1 view .LVU61
 325              		.loc 1 46 39 is_stmt 0 view .LVU62
 326 0030 9DF81230 		ldrb	r3, [sp, #18]	@ zero_extendqisi2
 327              		.loc 1 46 59 view .LVU63
 328 0034 9DF81360 		ldrb	r6, [sp, #19]	@ zero_extendqisi2
 329              		.loc 1 46 19 view .LVU64
 330 0038 46EA0326 		orr	r6, r6, r3, lsl #8
 331 003c 36B2     		sxth	r6, r6
 332              		.loc 1 46 18 view .LVU65
 333 003e 6683     		strh	r6, [r4, #26]	@ movhi
  47:Core/Src/mpu6050.c ****     Data->Gz_RAW =(int16_t) (Gyro_Data[4] << 8 | Gyro_Data[5]);
 334              		.loc 1 47 5 is_stmt 1 view .LVU66
 335              		.loc 1 47 39 is_stmt 0 view .LVU67
 336 0040 9DF81430 		ldrb	r3, [sp, #20]	@ zero_extendqisi2
 337              		.loc 1 47 59 view .LVU68
 338 0044 9DF81550 		ldrb	r5, [sp, #21]	@ zero_extendqisi2
 339              		.loc 1 47 19 view .LVU69
 340 0048 45EA0325 		orr	r5, r5, r3, lsl #8
 341 004c 2DB2     		sxth	r5, r5
 342              		.loc 1 47 18 view .LVU70
 343 004e A583     		strh	r5, [r4, #28]	@ movhi
  48:Core/Src/mpu6050.c **** 
  49:Core/Src/mpu6050.c ****     Data->Gx = Data->Gx_RAW/65.5;
ARM GAS  C:\Users\triet\AppData\Local\Temp\cc798EiK.s 			page 8


 344              		.loc 1 49 5 is_stmt 1 view .LVU71
 345              		.loc 1 49 28 is_stmt 0 view .LVU72
 346 0050 FFF7FEFF 		bl	__aeabi_i2d
 347              	.LVL21:
 348 0054 10A3     		adr	r3, .L13
 349 0056 D3E90023 		ldrd	r2, [r3]
 350 005a FFF7FEFF 		bl	__aeabi_ddiv
 351              	.LVL22:
 352 005e FFF7FEFF 		bl	__aeabi_d2f
 353              	.LVL23:
 354              		.loc 1 49 14 view .LVU73
 355 0062 2060     		str	r0, [r4]	@ float
  50:Core/Src/mpu6050.c ****     Data->Gy = Data->Gy_RAW/65.5;
 356              		.loc 1 50 5 is_stmt 1 view .LVU74
 357              		.loc 1 50 28 is_stmt 0 view .LVU75
 358 0064 3046     		mov	r0, r6
 359 0066 FFF7FEFF 		bl	__aeabi_i2d
 360              	.LVL24:
 361 006a 0BA3     		adr	r3, .L13
 362 006c D3E90023 		ldrd	r2, [r3]
 363 0070 FFF7FEFF 		bl	__aeabi_ddiv
 364              	.LVL25:
 365 0074 FFF7FEFF 		bl	__aeabi_d2f
 366              	.LVL26:
 367              		.loc 1 50 14 view .LVU76
 368 0078 6060     		str	r0, [r4, #4]	@ float
  51:Core/Src/mpu6050.c ****     Data->Gz = Data->Gz_RAW/65.5;
 369              		.loc 1 51 5 is_stmt 1 view .LVU77
 370              		.loc 1 51 28 is_stmt 0 view .LVU78
 371 007a 2846     		mov	r0, r5
 372 007c FFF7FEFF 		bl	__aeabi_i2d
 373              	.LVL27:
 374 0080 05A3     		adr	r3, .L13
 375 0082 D3E90023 		ldrd	r2, [r3]
 376 0086 FFF7FEFF 		bl	__aeabi_ddiv
 377              	.LVL28:
 378 008a FFF7FEFF 		bl	__aeabi_d2f
 379              	.LVL29:
 380              		.loc 1 51 14 view .LVU79
 381 008e A060     		str	r0, [r4, #8]	@ float
  52:Core/Src/mpu6050.c **** }...
 382              		.loc 1 52 1 view .LVU80
 383 0090 06B0     		add	sp, sp, #24
 384              	.LCFI9:
 385              		.cfi_def_cfa_offset 16
 386              		@ sp needed
 387 0092 70BD     		pop	{r4, r5, r6, pc}
 388              	.LVL30:
 389              	.L14:
 390              		.loc 1 52 1 view .LVU81
 391 0094 AFF30080 		.align	3
 392              	.L13:
 393 0098 00000000 		.word	0
 394 009c 00605040 		.word	1079009280
 395 00a0 00000000 		.word	hi2c1
 396              		.cfi_endproc
 397              	.LFE132:
ARM GAS  C:\Users\triet\AppData\Local\Temp\cc798EiK.s 			page 9


 399              		.text
 400              	.Letext0:
 401              		.file 2 "c:\\program files (x86)\\gnu arm embedded toolchain\\10 2021.10\\arm-none-eabi\\include\\
 402              		.file 3 "c:\\program files (x86)\\gnu arm embedded toolchain\\10 2021.10\\arm-none-eabi\\include\\
 403              		.file 4 "Drivers/CMSIS/Device/ST/STM32F4xx/Include/stm32f446xx.h"
 404              		.file 5 "Drivers/STM32F4xx_HAL_Driver/Inc/stm32f4xx_hal_def.h"
 405              		.file 6 "Drivers/STM32F4xx_HAL_Driver/Inc/stm32f4xx_hal_dma.h"
 406              		.file 7 "Drivers/STM32F4xx_HAL_Driver/Inc/stm32f4xx_hal_i2c.h"
 407              		.file 8 "Core/Inc/mpu6050.h"
ARM GAS  C:\Users\triet\AppData\Local\Temp\cc798EiK.s 			page 10
>>>>>>> 45d5a5918c0c82d06af1aa756b8ba5175a7b412e


DEFINED SYMBOLS
                            *ABS*:00000000 mpu6050.c
<<<<<<< HEAD
C:\Users\pc\AppData\Local\Temp\cc7RhBYu.s:21     .text.MPU6050_Init:00000000 $t
C:\Users\pc\AppData\Local\Temp\cc7RhBYu.s:27     .text.MPU6050_Init:00000000 MPU6050_Init
C:\Users\pc\AppData\Local\Temp\cc7RhBYu.s:140    .text.MPU6050_Init:00000094 $d
C:\Users\pc\AppData\Local\Temp\cc7RhBYu.s:148    .text.MPU6050_Read_Acc:00000000 $t
C:\Users\pc\AppData\Local\Temp\cc7RhBYu.s:154    .text.MPU6050_Read_Acc:00000000 MPU6050_Read_Acc
C:\Users\pc\AppData\Local\Temp\cc7RhBYu.s:268    .text.MPU6050_Read_Acc:0000008c $d
C:\Users\pc\AppData\Local\Temp\cc7RhBYu.s:275    .text.MPU6050_Read_Gyro:00000000 $t
C:\Users\pc\AppData\Local\Temp\cc7RhBYu.s:281    .text.MPU6050_Read_Gyro:00000000 MPU6050_Read_Gyro
C:\Users\pc\AppData\Local\Temp\cc7RhBYu.s:395    .text.MPU6050_Read_Gyro:00000098 $d
=======
C:\Users\triet\AppData\Local\Temp\cc798EiK.s:20     .text.MPU6050_Init:00000000 $t
C:\Users\triet\AppData\Local\Temp\cc798EiK.s:26     .text.MPU6050_Init:00000000 MPU6050_Init
C:\Users\triet\AppData\Local\Temp\cc798EiK.s:138    .text.MPU6050_Init:0000009c $d
C:\Users\triet\AppData\Local\Temp\cc798EiK.s:146    .text.MPU6050_Read_Acc:00000000 $t
C:\Users\triet\AppData\Local\Temp\cc798EiK.s:152    .text.MPU6050_Read_Acc:00000000 MPU6050_Read_Acc
C:\Users\triet\AppData\Local\Temp\cc798EiK.s:266    .text.MPU6050_Read_Acc:00000090 $d
C:\Users\triet\AppData\Local\Temp\cc798EiK.s:273    .text.MPU6050_Read_Gyro:00000000 $t
C:\Users\triet\AppData\Local\Temp\cc798EiK.s:279    .text.MPU6050_Read_Gyro:00000000 MPU6050_Read_Gyro
C:\Users\triet\AppData\Local\Temp\cc798EiK.s:393    .text.MPU6050_Read_Gyro:00000098 $d
>>>>>>> 45d5a5918c0c82d06af1aa756b8ba5175a7b412e

UNDEFINED SYMBOLS
HAL_I2C_Mem_Read
HAL_I2C_Mem_Write
hi2c1
__aeabi_i2d
__aeabi_dmul
__aeabi_d2f
__aeabi_ddiv
